Arguments: 
  C:\Program Files\nodejs\node.exe C:\Users\kira\AppData\Roaming\npm\node_modules\yarn\bin\yarn.js add socket.io-client uuid axios svgaplayerweb

PATH: 
  C:\Users\kira\bin;C:\Program Files\Git\mingw64\bin;C:\Program Files\Git\usr\local\bin;C:\Program Files\Git\usr\bin;C:\Program Files\Git\usr\bin;C:\Program Files\Git\mingw64\bin;C:\Program Files\Git\usr\bin;C:\Users\kira\bin;C:\Program Files (x86)\Common Files\Intel\Shared Libraries\redist\intel64\compiler;C:\Program Files (x86)\NVIDIA Corporation\PhysX\Common;C:\WINDOWS\system32;C:\WINDOWS;C:\WINDOWS\System32\Wbem;C:\WINDOWS\System32\WindowsPowerShell\v1.0;C:\WINDOWS\System32\OpenSSH;C:\Program Files\NVIDIA Corporation\NVIDIA NvDLISR;C:\Program Files\Microsoft SQL Server\Client SDK\ODBC\110\Tools\Binn;C:\Program Files (x86)\Microsoft SQL Server\120\Tools\Binn;C:\Program Files\Microsoft SQL Server\120\Tools\Binn;C:\Program Files\Microsoft SQL Server\120\DTS\Binn;C:\Program Files (x86)\Windows Kits\8.1\Windows Performance Toolkit;C:\Program Files\MongoDB\Server\4.2\bin;C:\WINDOWS\system32;C:\WINDOWS;C:\WINDOWS\System32\Wbem;C:\WINDOWS\System32\WindowsPowerShell\v1.0;C:\WINDOWS\System32\OpenSSH;C:\Program Files\CMake\bin;C:\Program Files\dotnet;C:\Program Files\nodejs;C:\Program Files\Git\cmd;C:\Program Files (x86)\Windows Kits\10\Windows Performance Toolkit;C:\Users\kira\AppData\Local\Programs\Python\Python36\Scripts;C:\Users\kira\AppData\Local\Programs\Python\Python36;C:\Users\kira\.windows-build-tools\python27;C:\Users\kira\AppData\Local\Programs\Python\Python38-32\Scripts;C:\Users\kira\AppData\Local\Programs\Python\Python38-32;C:\Users\kira\AppData\Local\Microsoft\WindowsApps;C:\Users\kira\AppData\Local\Programs\Microsoft VS Code\bin;C:\Program Files\MongoDB\Server\4.2\bin;C:\Users\kira\AppData\Local\Microsoft\WindowsApps;C:\Users\kira\node_modules;C:\Users\kira\AppData\Roaming\npm;C:\Program Files\Huawei\DevEco Studio 2.1.0.303\bin;C:\Program Files\Git\usr\bin\vendor_perl;C:\Program Files\Git\usr\bin\core_perl

Yarn version: 
  1.19.1

Node version: 
  14.15.5

Platform: 
  win32 x64

Trace: 
  Error: EPERM: operation not permitted, unlink 'D:\obs\webwidget_for_obs\svga_obs_render_vue\node_modules\esbuild\esbuild.exe'

npm manifest: 
  {
    "version": "0.0.0",
    "scripts": {
      "dev": "vite",
      "build": "vue-tsc --noEmit && vite build",
      "serve": "vite preview"
    },
    "dependencies": {
      "vue": "^3.0.5"
    },
    "devDependencies": {
      "@vitejs/plugin-vue": "^1.2.3",
      "@vue/compiler-sfc": "^3.0.5",
      "typescript": "^4.1.3",
      "vite": "^2.3.5",
      "vue-tsc": "^0.0.24"
    }
  }

yarn manifest: 
  No manifest

Lockfile: 
  No lockfile
